<?xml version="1.0" encoding="UTF-8"?>
<testsuite name="com.synchronoss.androidDev.contactcreaterapp.ExampleUnitTest" tests="1" skipped="0" failures="0" errors="0" timestamp="2016-08-23T12:44:22" hostname="IEC02JP0F9F1G3" time="0.001">
  <properties/>
  <testcase name="addition_isCorrect" classname="com.synchronoss.androidDev.contactcreaterapp.ExampleUnitTest" time="0.001"/>
  <system-out><![CDATA[]]></system-out>
  <system-err><![CDATA[]]></system-err>
</testsuite>
